{"/home/irina/Projects/yandex/stellar-burgers-js/src/slices/burgerConstructorSlice.ts": {"path":"/home/irina/Projects/yandex/stellar-burgers-js/src/slices/burgerConstructorSlice.ts","statementMap":{"0":{"start":{"line":1,"column":0},"end":{"line":1,"column":62}},"1":{"start":{"line":2,"column":0},"end":{"line":2,"column":36}},"2":{"start":{"line":9,"column":45},"end":{"line":12,"column":2}},"3":{"start":{"line":14,"column":31},"end":{"line":57,"column":2}},"4":{"start":{"line":20,"column":27},"end":{"line":20,"column":41}},"5":{"start":{"line":22,"column":8},"end":{"line":26,"column":9}},"6":{"start":{"line":23,"column":10},"end":{"line":23,"column":33}},"7":{"start":{"line":25,"column":10},"end":{"line":25,"column":45}},"8":{"start":{"line":29,"column":8},"end":{"line":35,"column":10}},"9":{"start":{"line":39,"column":6},"end":{"line":41,"column":8}},"10":{"start":{"line":40,"column":24},"end":{"line":40,"column":null}},"11":{"start":{"line":43,"column":6},"end":{"line":45,"column":7}},"12":{"start":{"line":44,"column":8},"end":{"line":44,"column":25}},"13":{"start":{"line":51,"column":37},"end":{"line":51,"column":51}},"14":{"start":{"line":51,"column":23},"end":{"line":51,"column":25}},"15":{"start":{"line":51,"column":32},"end":{"line":51,"column":37}},"16":{"start":{"line":52,"column":26},"end":{"line":52,"column":65}},"17":{"start":{"line":53,"column":6},"end":{"line":53,"column":54}},"18":{"start":{"line":55,"column":28},"end":{"line":55,"column":null}},"19":{"start":{"line":60,"column":2},"end":{"line":63,"column":null}},"20":{"start":{"line":66,"column":0},"end":{"line":66,"column":46}}},"fnMap":{"0":{"name":"(anonymous_2)","decl":{"start":{"line":19,"column":15},"end":{"line":19,"column":16}},"loc":{"start":{"line":19,"column":56},"end":{"line":27,"column":7}}},"1":{"name":"(anonymous_3)","decl":{"start":{"line":28,"column":15},"end":{"line":28,"column":16}},"loc":{"start":{"line":28,"column":58},"end":{"line":36,"column":7}}},"2":{"name":"(anonymous_4)","decl":{"start":{"line":38,"column":22},"end":{"line":38,"column":23}},"loc":{"start":{"line":38,"column":59},"end":{"line":46,"column":5}}},"3":{"name":"(anonymous_5)","decl":{"start":{"line":40,"column":8},"end":{"line":40,"column":9}},"loc":{"start":{"line":40,"column":19},"end":{"line":40,"column":34}}},"4":{"name":"(anonymous_6)","decl":{"start":{"line":47,"column":24},"end":{"line":47,"column":null}},"loc":{"start":{"line":49,"column":67},"end":{"line":54,"column":5}}},"5":{"name":"(anonymous_7)","decl":{"start":{"line":55,"column":22},"end":{"line":55,"column":28}},"loc":{"start":{"line":55,"column":22},"end":{"line":55,"column":40}}}},"branchMap":{"0":{"loc":{"start":{"line":22,"column":8},"end":{"line":26,"column":9}},"type":"if","locations":[{"start":{"line":22,"column":8},"end":{"line":26,"column":9}},{"start":{"line":24,"column":15},"end":{"line":26,"column":9}}]},"1":{"loc":{"start":{"line":33,"column":19},"end":{"line":33,"column":40}},"type":"binary-expr","locations":[{"start":{"line":33,"column":19},"end":{"line":33,"column":35}},{"start":{"line":33,"column":39},"end":{"line":33,"column":40}}]},"2":{"loc":{"start":{"line":43,"column":6},"end":{"line":45,"column":7}},"type":"if","locations":[{"start":{"line":43,"column":6},"end":{"line":45,"column":7}}]},"3":{"loc":{"start":{"line":43,"column":10},"end":{"line":43,"column":62}},"type":"binary-expr","locations":[{"start":{"line":43,"column":10},"end":{"line":43,"column":19}},{"start":{"line":43,"column":23},"end":{"line":43,"column":62}}]}},"s":{"0":1,"1":1,"2":1,"3":1,"4":2,"5":2,"6":1,"7":1,"8":2,"9":2,"10":1,"11":2,"12":2,"13":1,"14":1,"15":1,"16":1,"17":1,"18":1,"19":1,"20":1},"f":{"0":2,"1":2,"2":2,"3":1,"4":1,"5":1},"b":{"0":[1,1],"1":[2,0],"2":[2],"3":[2,2]}}
,"/home/irina/Projects/yandex/stellar-burgers-js/src/slices/ingredientsSlice.ts": {"path":"/home/irina/Projects/yandex/stellar-burgers-js/src/slices/ingredientsSlice.ts","statementMap":{"0":{"start":{"line":1,"column":0},"end":{"line":1,"column":80}},"1":{"start":{"line":2,"column":0},"end":{"line":2,"column":48}},"2":{"start":{"line":12,"column":13},"end":{"line":31,"column":3}},"3":{"start":{"line":16,"column":34},"end":{"line":31,"column":2}},"4":{"start":{"line":16,"column":61},"end":{"line":16,"column":63}},"5":{"start":{"line":18,"column":16},"end":{"line":18,"column":null}},"6":{"start":{"line":18,"column":10},"end":{"line":18,"column":null}},"7":{"start":{"line":20,"column":4},"end":{"line":24,"column":5}},"8":{"start":{"line":21,"column":6},"end":{"line":21,"column":49}},"9":{"start":{"line":23,"column":6},"end":{"line":23,"column":49}},"10":{"start":{"line":26,"column":4},"end":{"line":26,"column":56}},"11":{"start":{"line":27,"column":4},"end":{"line":29,"column":6}},"12":{"start":{"line":33,"column":39},"end":{"line":39,"column":2}},"13":{"start":{"line":41,"column":25},"end":{"line":70,"column":2}},"14":{"start":{"line":46,"column":6},"end":{"line":46,"column":44}},"15":{"start":{"line":52,"column":6},"end":{"line":52,"column":48}},"16":{"start":{"line":56,"column":4},"end":{"line":68,"column":9}},"17":{"start":{"line":58,"column":8},"end":{"line":58,"column":40}},"18":{"start":{"line":59,"column":8},"end":{"line":59,"column":40}},"19":{"start":{"line":62,"column":8},"end":{"line":62,"column":43}},"20":{"start":{"line":63,"column":8},"end":{"line":63,"column":41}},"21":{"start":{"line":66,"column":8},"end":{"line":66,"column":39}},"22":{"start":{"line":67,"column":8},"end":{"line":67,"column":41}},"23":{"start":{"line":72,"column":15},"end":{"line":72,"column":null}},"24":{"start":{"line":75,"column":0},"end":{"line":75,"column":40}}},"fnMap":{"0":{"name":"(anonymous_13)","decl":{"start":{"line":16,"column":34},"end":{"line":16,"column":41}},"loc":{"start":{"line":16,"column":34},"end":{"line":31,"column":2}}},"1":{"name":"(anonymous_16)","decl":{"start":{"line":45,"column":23},"end":{"line":45,"column":24}},"loc":{"start":{"line":45,"column":60},"end":{"line":47,"column":5}}},"2":{"name":"(anonymous_17)","decl":{"start":{"line":48,"column":27},"end":{"line":48,"column":null}},"loc":{"start":{"line":50,"column":46},"end":{"line":53,"column":5}}},"3":{"name":"(anonymous_18)","decl":{"start":{"line":55,"column":17},"end":{"line":55,"column":18}},"loc":{"start":{"line":55,"column":25},"end":{"line":69,"column":3}}},"4":{"name":"(anonymous_19)","decl":{"start":{"line":57,"column":46},"end":{"line":57,"column":47}},"loc":{"start":{"line":57,"column":52},"end":{"line":60,"column":7}}},"5":{"name":"(anonymous_20)","decl":{"start":{"line":61,"column":48},"end":{"line":61,"column":49}},"loc":{"start":{"line":61,"column":62},"end":{"line":64,"column":7}}},"6":{"name":"(anonymous_21)","decl":{"start":{"line":65,"column":47},"end":{"line":65,"column":48}},"loc":{"start":{"line":65,"column":53},"end":{"line":68,"column":7}}}},"branchMap":{"0":{"loc":{"start":{"line":20,"column":4},"end":{"line":24,"column":5}},"type":"if","locations":[{"start":{"line":20,"column":4},"end":{"line":24,"column":5}},{"start":{"line":22,"column":11},"end":{"line":24,"column":5}}]},"1":{"loc":{"start":{"line":20,"column":8},"end":{"line":20,"column":38}},"type":"binary-expr","locations":[{"start":{"line":20,"column":8},"end":{"line":20,"column":11}},{"start":{"line":20,"column":15},"end":{"line":20,"column":38}}]},"2":{"loc":{"start":{"line":28,"column":6},"end":{"line":28,"column":62}},"type":"cond-expr","locations":[{"start":{"line":28,"column":31},"end":{"line":28,"column":44}},{"start":{"line":28,"column":47},"end":{"line":28,"column":62}}]}},"s":{"0":1,"1":1,"2":1,"3":3,"4":3,"5":3,"6":3,"7":2,"8":2,"9":0,"10":1,"11":1,"12":1,"13":1,"14":1,"15":1,"16":1,"17":3,"18":3,"19":2,"20":2,"21":1,"22":1,"23":1,"24":1},"f":{"0":6,"1":1,"2":1,"3":1,"4":3,"5":2,"6":1},"b":{"0":[2,0],"1":[2,2],"2":[1,0]}}
,"/home/irina/Projects/yandex/stellar-burgers-js/src/slices/orderSlice.ts": {"path":"/home/irina/Projects/yandex/stellar-burgers-js/src/slices/orderSlice.ts","statementMap":{"0":{"start":{"line":1,"column":0},"end":{"line":1,"column":80}},"1":{"start":{"line":2,"column":0},"end":{"line":2,"column":70}},"2":{"start":{"line":24,"column":33},"end":{"line":33,"column":2}},"3":{"start":{"line":35,"column":13},"end":{"line":54,"column":3}},"4":{"start":{"line":39,"column":23},"end":{"line":54,"column":2}},"5":{"start":{"line":39,"column":62},"end":{"line":39,"column":64}},"6":{"start":{"line":41,"column":17},"end":{"line":41,"column":null}},"7":{"start":{"line":41,"column":10},"end":{"line":41,"column":null}},"8":{"start":{"line":43,"column":4},"end":{"line":47,"column":5}},"9":{"start":{"line":44,"column":6},"end":{"line":44,"column":35}},"10":{"start":{"line":46,"column":6},"end":{"line":46,"column":49}},"11":{"start":{"line":49,"column":4},"end":{"line":52,"column":7}},"12":{"start":{"line":56,"column":13},"end":{"line":88,"column":2}},"13":{"start":{"line":62,"column":2},"end":{"line":87,"column":null}},"14":{"start":{"line":62,"column":32},"end":{"line":62,"column":34}},"15":{"start":{"line":62,"column":49},"end":{"line":62,"column":51}},"16":{"start":{"line":63,"column":10},"end":{"line":63,"column":29}},"17":{"start":{"line":65,"column":10},"end":{"line":71,"column":8}},"18":{"start":{"line":67,"column":39},"end":{"line":67,"column":null}},"19":{"start":{"line":70,"column":39},"end":{"line":70,"column":null}},"20":{"start":{"line":73,"column":4},"end":{"line":75,"column":5}},"21":{"start":{"line":74,"column":6},"end":{"line":74,"column":27}},"22":{"start":{"line":78,"column":23},"end":{"line":78,"column":null}},"23":{"start":{"line":78,"column":12},"end":{"line":78,"column":null}},"24":{"start":{"line":79,"column":6},"end":{"line":83,"column":7}},"25":{"start":{"line":80,"column":8},"end":{"line":80,"column":34}},"26":{"start":{"line":82,"column":8},"end":{"line":82,"column":50}},"27":{"start":{"line":85,"column":6},"end":{"line":85,"column":54}},"28":{"start":{"line":90,"column":19},"end":{"line":143,"column":2}},"29":{"start":{"line":95,"column":6},"end":{"line":95,"column":34}},"30":{"start":{"line":98,"column":6},"end":{"line":98,"column":35}},"31":{"start":{"line":101,"column":6},"end":{"line":101,"column":25}},"32":{"start":{"line":102,"column":6},"end":{"line":102,"column":25}},"33":{"start":{"line":103,"column":6},"end":{"line":103,"column":28}},"34":{"start":{"line":107,"column":4},"end":{"line":141,"column":9}},"35":{"start":{"line":109,"column":8},"end":{"line":109,"column":34}},"36":{"start":{"line":110,"column":8},"end":{"line":110,"column":34}},"37":{"start":{"line":111,"column":8},"end":{"line":111,"column":36}},"38":{"start":{"line":116,"column":10},"end":{"line":116,"column":37}},"39":{"start":{"line":117,"column":10},"end":{"line":117,"column":58}},"40":{"start":{"line":118,"column":10},"end":{"line":118,"column":54}},"41":{"start":{"line":119,"column":10},"end":{"line":119,"column":38}},"42":{"start":{"line":123,"column":8},"end":{"line":123,"column":35}},"43":{"start":{"line":124,"column":8},"end":{"line":124,"column":33}},"44":{"start":{"line":128,"column":8},"end":{"line":128,"column":29}},"45":{"start":{"line":129,"column":8},"end":{"line":129,"column":27}},"46":{"start":{"line":134,"column":10},"end":{"line":134,"column":32}},"47":{"start":{"line":135,"column":10},"end":{"line":135,"column":39}},"48":{"start":{"line":139,"column":8},"end":{"line":139,"column":30}},"49":{"start":{"line":140,"column":8},"end":{"line":140,"column":47}},"50":{"start":{"line":145,"column":15},"end":{"line":145,"column":52}},"51":{"start":{"line":146,"column":0},"end":{"line":146,"column":34}}},"fnMap":{"0":{"name":"(anonymous_13)","decl":{"start":{"line":39,"column":23},"end":{"line":39,"column":30}},"loc":{"start":{"line":39,"column":23},"end":{"line":54,"column":2}}},"1":{"name":"(anonymous_16)","decl":{"start":{"line":62,"column":2},"end":{"line":62,"column":9}},"loc":{"start":{"line":62,"column":2},"end":{"line":87,"column":null}}},"2":{"name":"(anonymous_19)","decl":{"start":{"line":67,"column":8},"end":{"line":67,"column":9}},"loc":{"start":{"line":67,"column":34},"end":{"line":67,"column":44}}},"3":{"name":"(anonymous_20)","decl":{"start":{"line":70,"column":8},"end":{"line":70,"column":9}},"loc":{"start":{"line":70,"column":34},"end":{"line":70,"column":44}}},"4":{"name":"(anonymous_21)","decl":{"start":{"line":94,"column":15},"end":{"line":94,"column":16}},"loc":{"start":{"line":94,"column":21},"end":{"line":96,"column":5}}},"5":{"name":"(anonymous_22)","decl":{"start":{"line":97,"column":15},"end":{"line":97,"column":16}},"loc":{"start":{"line":97,"column":21},"end":{"line":99,"column":5}}},"6":{"name":"(anonymous_23)","decl":{"start":{"line":100,"column":16},"end":{"line":100,"column":17}},"loc":{"start":{"line":100,"column":22},"end":{"line":104,"column":5}}},"7":{"name":"(anonymous_24)","decl":{"start":{"line":106,"column":17},"end":{"line":106,"column":18}},"loc":{"start":{"line":106,"column":25},"end":{"line":142,"column":3}}},"8":{"name":"(anonymous_25)","decl":{"start":{"line":108,"column":41},"end":{"line":108,"column":42}},"loc":{"start":{"line":108,"column":47},"end":{"line":112,"column":7}}},"9":{"name":"(anonymous_26)","decl":{"start":{"line":115,"column":8},"end":{"line":115,"column":9}},"loc":{"start":{"line":115,"column":52},"end":{"line":120,"column":9}}},"10":{"name":"(anonymous_27)","decl":{"start":{"line":122,"column":42},"end":{"line":122,"column":43}},"loc":{"start":{"line":122,"column":48},"end":{"line":125,"column":7}}},"11":{"name":"(anonymous_28)","decl":{"start":{"line":127,"column":48},"end":{"line":127,"column":49}},"loc":{"start":{"line":127,"column":54},"end":{"line":130,"column":7}}},"12":{"name":"(anonymous_29)","decl":{"start":{"line":133,"column":8},"end":{"line":133,"column":9}},"loc":{"start":{"line":133,"column":44},"end":{"line":136,"column":9}}},"13":{"name":"(anonymous_30)","decl":{"start":{"line":138,"column":49},"end":{"line":138,"column":50}},"loc":{"start":{"line":138,"column":63},"end":{"line":141,"column":7}}}},"branchMap":{"0":{"loc":{"start":{"line":43,"column":4},"end":{"line":47,"column":5}},"type":"if","locations":[{"start":{"line":43,"column":4},"end":{"line":47,"column":5}},{"start":{"line":45,"column":11},"end":{"line":47,"column":5}}]},"1":{"loc":{"start":{"line":43,"column":8},"end":{"line":43,"column":66}},"type":"binary-expr","locations":[{"start":{"line":43,"column":8},"end":{"line":43,"column":27}},{"start":{"line":43,"column":31},"end":{"line":43,"column":66}}]},"2":{"loc":{"start":{"line":43,"column":8},"end":{"line":43,"column":27}},"type":"cond-expr","locations":[{"start":{"line":43,"column":19},"end":{"line":43,"column":21}},{"start":{"line":43,"column":19},"end":{"line":43,"column":27}}]},"3":{"loc":{"start":{"line":43,"column":8},"end":{"line":43,"column":21}},"type":"binary-expr","locations":[{"start":{"line":43,"column":8},"end":{"line":43,"column":21}},{"start":{"line":43,"column":19},"end":{"line":43,"column":21}}]},"4":{"loc":{"start":{"line":43,"column":8},"end":{"line":43,"column":19}},"type":"cond-expr","locations":[{"start":{"line":43,"column":12},"end":{"line":43,"column":14}},{"start":{"line":43,"column":8},"end":{"line":43,"column":19}}]},"5":{"loc":{"start":{"line":43,"column":8},"end":{"line":43,"column":14}},"type":"binary-expr","locations":[{"start":{"line":43,"column":8},"end":{"line":43,"column":14}},{"start":{"line":43,"column":8},"end":{"line":43,"column":14}}]},"6":{"loc":{"start":{"line":51,"column":8},"end":{"line":51,"column":76}},"type":"cond-expr","locations":[{"start":{"line":51,"column":33},"end":{"line":51,"column":46}},{"start":{"line":51,"column":49},"end":{"line":51,"column":76}}]},"7":{"loc":{"start":{"line":66,"column":6},"end":{"line":70,"column":null}},"type":"binary-expr","locations":[{"start":{"line":66,"column":6},"end":{"line":67,"column":null}},{"start":{"line":69,"column":6},"end":{"line":70,"column":null}}]},"8":{"loc":{"start":{"line":73,"column":4},"end":{"line":75,"column":5}},"type":"if","locations":[{"start":{"line":73,"column":4},"end":{"line":75,"column":5}}]},"9":{"loc":{"start":{"line":79,"column":6},"end":{"line":83,"column":7}},"type":"if","locations":[{"start":{"line":79,"column":6},"end":{"line":83,"column":7}},{"start":{"line":81,"column":13},"end":{"line":83,"column":7}}]}},"s":{"0":1,"1":1,"2":1,"3":1,"4":0,"5":0,"6":0,"7":0,"8":0,"9":0,"10":0,"11":0,"12":1,"13":0,"14":0,"15":0,"16":0,"17":0,"18":0,"19":0,"20":0,"21":0,"22":0,"23":0,"24":0,"25":0,"26":0,"27":0,"28":1,"29":1,"30":1,"31":1,"32":1,"33":1,"34":1,"35":1,"36":1,"37":1,"38":1,"39":1,"40":1,"41":1,"42":1,"43":1,"44":1,"45":1,"46":1,"47":1,"48":1,"49":1,"50":1,"51":1},"f":{"0":0,"1":0,"2":0,"3":0,"4":1,"5":1,"6":1,"7":1,"8":1,"9":1,"10":1,"11":1,"12":1,"13":1},"b":{"0":[0,0],"1":[0,0],"2":[0,0],"3":[0,0],"4":[0,0],"5":[0,0],"6":[0,0],"7":[0,0],"8":[0],"9":[0,0]}}
,"/home/irina/Projects/yandex/stellar-burgers-js/src/slices/userDataSlice.ts": {"path":"/home/irina/Projects/yandex/stellar-burgers-js/src/slices/userDataSlice.ts","statementMap":{"0":{"start":{"line":1,"column":0},"end":{"line":1,"column":80}},"1":{"start":{"line":2,"column":0},"end":{"line":2,"column":null}},"2":{"start":{"line":10,"column":36},"end":{"line":21,"column":2}},"3":{"start":{"line":23,"column":23},"end":{"line":24,"column":18}},"4":{"start":{"line":24,"column":2},"end":{"line":30,"column":5}},"5":{"start":{"line":24,"column":25},"end":{"line":30,"column":4}},"6":{"start":{"line":24,"column":57},"end":{"line":24,"column":59}},"7":{"start":{"line":26,"column":13},"end":{"line":26,"column":32}},"8":{"start":{"line":26,"column":6},"end":{"line":26,"column":32}},"9":{"start":{"line":28,"column":6},"end":{"line":28,"column":44}},"10":{"start":{"line":32,"column":13},"end":{"line":35,"column":2}},"11":{"start":{"line":36,"column":13},"end":{"line":36,"column":70}},"12":{"start":{"line":37,"column":13},"end":{"line":37,"column":67}},"13":{"start":{"line":38,"column":13},"end":{"line":41,"column":2}},"14":{"start":{"line":42,"column":13},"end":{"line":45,"column":2}},"15":{"start":{"line":47,"column":22},"end":{"line":138,"column":2}},"16":{"start":{"line":52,"column":6},"end":{"line":52,"column":34}},"17":{"start":{"line":55,"column":6},"end":{"line":55,"column":35}},"18":{"start":{"line":58,"column":6},"end":{"line":58,"column":35}},"19":{"start":{"line":61,"column":6},"end":{"line":61,"column":28}},"20":{"start":{"line":64,"column":6},"end":{"line":64,"column":43}},"21":{"start":{"line":67,"column":6},"end":{"line":67,"column":35}},"22":{"start":{"line":70,"column":6},"end":{"line":70,"column":37}},"23":{"start":{"line":73,"column":6},"end":{"line":73,"column":27}},"24":{"start":{"line":77,"column":4},"end":{"line":136,"column":9}},"25":{"start":{"line":79,"column":8},"end":{"line":79,"column":29}},"26":{"start":{"line":80,"column":8},"end":{"line":80,"column":46}},"27":{"start":{"line":81,"column":8},"end":{"line":81,"column":48}},"28":{"start":{"line":82,"column":8},"end":{"line":82,"column":28}},"29":{"start":{"line":83,"column":8},"end":{"line":83,"column":72}},"30":{"start":{"line":84,"column":8},"end":{"line":84,"column":74}},"31":{"start":{"line":85,"column":8},"end":{"line":85,"column":27}},"32":{"start":{"line":86,"column":8},"end":{"line":86,"column":30}},"33":{"start":{"line":89,"column":8},"end":{"line":89,"column":29}},"34":{"start":{"line":90,"column":8},"end":{"line":90,"column":27}},"35":{"start":{"line":93,"column":8},"end":{"line":93,"column":30}},"36":{"start":{"line":94,"column":8},"end":{"line":97,"column":35}},"37":{"start":{"line":100,"column":8},"end":{"line":100,"column":29}},"38":{"start":{"line":101,"column":8},"end":{"line":101,"column":46}},"39":{"start":{"line":102,"column":8},"end":{"line":102,"column":48}},"40":{"start":{"line":103,"column":8},"end":{"line":103,"column":28}},"41":{"start":{"line":104,"column":8},"end":{"line":104,"column":72}},"42":{"start":{"line":105,"column":8},"end":{"line":105,"column":74}},"43":{"start":{"line":106,"column":8},"end":{"line":106,"column":27}},"44":{"start":{"line":107,"column":8},"end":{"line":107,"column":30}},"45":{"start":{"line":110,"column":8},"end":{"line":110,"column":29}},"46":{"start":{"line":111,"column":8},"end":{"line":111,"column":27}},"47":{"start":{"line":114,"column":8},"end":{"line":114,"column":30}},"48":{"start":{"line":115,"column":8},"end":{"line":118,"column":35}},"49":{"start":{"line":121,"column":8},"end":{"line":121,"column":46}},"50":{"start":{"line":122,"column":8},"end":{"line":122,"column":48}},"51":{"start":{"line":123,"column":8},"end":{"line":123,"column":28}},"52":{"start":{"line":124,"column":8},"end":{"line":124,"column":27}},"53":{"start":{"line":125,"column":8},"end":{"line":125,"column":30}},"54":{"start":{"line":128,"column":8},"end":{"line":128,"column":29}},"55":{"start":{"line":129,"column":8},"end":{"line":129,"column":27}},"56":{"start":{"line":132,"column":8},"end":{"line":135,"column":35}},"57":{"start":{"line":141,"column":2},"end":{"line":148,"column":null}},"58":{"start":{"line":151,"column":0},"end":{"line":151,"column":37}}},"fnMap":{"0":{"name":"(anonymous_13)","decl":{"start":{"line":23,"column":23},"end":{"line":23,"column":30}},"loc":{"start":{"line":23,"column":75},"end":{"line":24,"column":18}}},"1":{"name":"(anonymous_14)","decl":{"start":{"line":24,"column":25},"end":{"line":24,"column":32}},"loc":{"start":{"line":24,"column":25},"end":{"line":30,"column":4}}},"2":{"name":"(anonymous_17)","decl":{"start":{"line":51,"column":13},"end":{"line":51,"column":14}},"loc":{"start":{"line":51,"column":50},"end":{"line":53,"column":5}}},"3":{"name":"(anonymous_18)","decl":{"start":{"line":54,"column":14},"end":{"line":54,"column":15}},"loc":{"start":{"line":54,"column":51},"end":{"line":56,"column":5}}},"4":{"name":"(anonymous_19)","decl":{"start":{"line":57,"column":14},"end":{"line":57,"column":15}},"loc":{"start":{"line":57,"column":51},"end":{"line":59,"column":5}}},"5":{"name":"(anonymous_20)","decl":{"start":{"line":60,"column":18},"end":{"line":60,"column":19}},"loc":{"start":{"line":60,"column":24},"end":{"line":62,"column":5}}},"6":{"name":"(anonymous_21)","decl":{"start":{"line":63,"column":22},"end":{"line":63,"column":23}},"loc":{"start":{"line":63,"column":60},"end":{"line":65,"column":5}}},"7":{"name":"(anonymous_22)","decl":{"start":{"line":66,"column":14},"end":{"line":66,"column":15}},"loc":{"start":{"line":66,"column":58},"end":{"line":68,"column":5}}},"8":{"name":"(anonymous_23)","decl":{"start":{"line":69,"column":16},"end":{"line":69,"column":17}},"loc":{"start":{"line":69,"column":54},"end":{"line":71,"column":5}}},"9":{"name":"(anonymous_24)","decl":{"start":{"line":72,"column":16},"end":{"line":72,"column":17}},"loc":{"start":{"line":72,"column":22},"end":{"line":74,"column":5}}},"10":{"name":"(anonymous_25)","decl":{"start":{"line":76,"column":17},"end":{"line":76,"column":18}},"loc":{"start":{"line":76,"column":25},"end":{"line":137,"column":3}}},"11":{"name":"(anonymous_26)","decl":{"start":{"line":78,"column":44},"end":{"line":78,"column":45}},"loc":{"start":{"line":78,"column":58},"end":{"line":87,"column":7}}},"12":{"name":"(anonymous_27)","decl":{"start":{"line":88,"column":42},"end":{"line":88,"column":43}},"loc":{"start":{"line":88,"column":48},"end":{"line":91,"column":7}}},"13":{"name":"(anonymous_28)","decl":{"start":{"line":92,"column":43},"end":{"line":92,"column":44}},"loc":{"start":{"line":92,"column":57},"end":{"line":98,"column":7}}},"14":{"name":"(anonymous_29)","decl":{"start":{"line":99,"column":37},"end":{"line":99,"column":38}},"loc":{"start":{"line":99,"column":51},"end":{"line":108,"column":7}}},"15":{"name":"(anonymous_30)","decl":{"start":{"line":109,"column":35},"end":{"line":109,"column":36}},"loc":{"start":{"line":109,"column":41},"end":{"line":112,"column":7}}},"16":{"name":"(anonymous_31)","decl":{"start":{"line":113,"column":36},"end":{"line":113,"column":37}},"loc":{"start":{"line":113,"column":50},"end":{"line":119,"column":7}}},"17":{"name":"(anonymous_32)","decl":{"start":{"line":120,"column":43},"end":{"line":120,"column":44}},"loc":{"start":{"line":120,"column":57},"end":{"line":126,"column":7}}},"18":{"name":"(anonymous_33)","decl":{"start":{"line":127,"column":41},"end":{"line":127,"column":42}},"loc":{"start":{"line":127,"column":47},"end":{"line":130,"column":7}}},"19":{"name":"(anonymous_34)","decl":{"start":{"line":131,"column":42},"end":{"line":131,"column":43}},"loc":{"start":{"line":131,"column":56},"end":{"line":136,"column":7}}}},"branchMap":{"0":{"loc":{"start":{"line":26,"column":6},"end":{"line":26,"column":32}},"type":"switch","locations":[{"start":{"line":26,"column":6},"end":{"line":26,"column":32}}]},"1":{"loc":{"start":{"line":95,"column":10},"end":{"line":97,"column":34}},"type":"cond-expr","locations":[{"start":{"line":96,"column":14},"end":{"line":96,"column":28}},{"start":{"line":97,"column":14},"end":{"line":97,"column":34}}]},"2":{"loc":{"start":{"line":116,"column":10},"end":{"line":118,"column":34}},"type":"cond-expr","locations":[{"start":{"line":117,"column":14},"end":{"line":117,"column":28}},{"start":{"line":118,"column":14},"end":{"line":118,"column":34}}]},"3":{"loc":{"start":{"line":133,"column":10},"end":{"line":135,"column":34}},"type":"cond-expr","locations":[{"start":{"line":134,"column":14},"end":{"line":134,"column":28}},{"start":{"line":135,"column":14},"end":{"line":135,"column":34}}]}},"s":{"0":1,"1":1,"2":1,"3":1,"4":5,"5":0,"6":0,"7":0,"8":0,"9":0,"10":1,"11":1,"12":1,"13":1,"14":1,"15":1,"16":1,"17":1,"18":1,"19":1,"20":1,"21":1,"22":1,"23":1,"24":1,"25":1,"26":1,"27":1,"28":1,"29":1,"30":1,"31":1,"32":1,"33":1,"34":1,"35":1,"36":1,"37":1,"38":1,"39":1,"40":1,"41":1,"42":1,"43":1,"44":1,"45":0,"46":0,"47":0,"48":0,"49":1,"50":1,"51":1,"52":1,"53":1,"54":0,"55":0,"56":0,"57":1,"58":1},"f":{"0":5,"1":0,"2":1,"3":1,"4":1,"5":1,"6":1,"7":1,"8":1,"9":1,"10":1,"11":1,"12":1,"13":1,"14":1,"15":0,"16":0,"17":1,"18":0,"19":0},"b":{"0":[0],"1":[1,0],"2":[0,0],"3":[0,0]}}
,"/home/irina/Projects/yandex/stellar-burgers-js/src/slices/wsSlice.ts": {"path":"/home/irina/Projects/yandex/stellar-burgers-js/src/slices/wsSlice.ts","statementMap":{"0":{"start":{"line":1,"column":0},"end":{"line":1,"column":62}},"1":{"start":{"line":18,"column":37},"end":{"line":25,"column":2}},"2":{"start":{"line":27,"column":16},"end":{"line":56,"column":2}},"3":{"start":{"line":32,"column":6},"end":{"line":32,"column":29}},"4":{"start":{"line":33,"column":6},"end":{"line":33,"column":25}},"5":{"start":{"line":36,"column":6},"end":{"line":36,"column":30}},"6":{"start":{"line":37,"column":6},"end":{"line":37,"column":27}},"7":{"start":{"line":38,"column":6},"end":{"line":38,"column":28}},"8":{"start":{"line":41,"column":6},"end":{"line":41,"column":35}},"9":{"start":{"line":47,"column":6},"end":{"line":53,"column":7}},"10":{"start":{"line":48,"column":8},"end":{"line":48,"column":59}},"11":{"start":{"line":49,"column":8},"end":{"line":49,"column":53}},"12":{"start":{"line":50,"column":8},"end":{"line":50,"column":63}},"13":{"start":{"line":52,"column":8},"end":{"line":52,"column":60}},"14":{"start":{"line":58,"column":15},"end":{"line":58,"column":63}},"15":{"start":{"line":59,"column":0},"end":{"line":59,"column":31}}},"fnMap":{"0":{"name":"(anonymous_0)","decl":{"start":{"line":31,"column":15},"end":{"line":31,"column":16}},"loc":{"start":{"line":31,"column":21},"end":{"line":34,"column":5}}},"1":{"name":"(anonymous_1)","decl":{"start":{"line":35,"column":18},"end":{"line":35,"column":19}},"loc":{"start":{"line":35,"column":24},"end":{"line":39,"column":5}}},"2":{"name":"(anonymous_2)","decl":{"start":{"line":40,"column":13},"end":{"line":40,"column":14}},"loc":{"start":{"line":40,"column":50},"end":{"line":42,"column":5}}},"3":{"name":"(anonymous_3)","decl":{"start":{"line":43,"column":15},"end":{"line":43,"column":null}},"loc":{"start":{"line":45,"column":76},"end":{"line":54,"column":5}}}},"branchMap":{"0":{"loc":{"start":{"line":47,"column":6},"end":{"line":53,"column":7}},"type":"if","locations":[{"start":{"line":47,"column":6},"end":{"line":53,"column":7}},{"start":{"line":51,"column":13},"end":{"line":53,"column":7}}]},"1":{"loc":{"start":{"line":48,"column":26},"end":{"line":48,"column":58}},"type":"binary-expr","locations":[{"start":{"line":48,"column":26},"end":{"line":48,"column":52}},{"start":{"line":48,"column":56},"end":{"line":48,"column":58}}]},"2":{"loc":{"start":{"line":49,"column":22},"end":{"line":49,"column":52}},"type":"binary-expr","locations":[{"start":{"line":49,"column":22},"end":{"line":49,"column":47}},{"start":{"line":49,"column":51},"end":{"line":49,"column":52}}]},"3":{"loc":{"start":{"line":50,"column":27},"end":{"line":50,"column":62}},"type":"binary-expr","locations":[{"start":{"line":50,"column":27},"end":{"line":50,"column":57}},{"start":{"line":50,"column":61},"end":{"line":50,"column":62}}]},"4":{"loc":{"start":{"line":52,"column":27},"end":{"line":52,"column":59}},"type":"binary-expr","locations":[{"start":{"line":52,"column":27},"end":{"line":52,"column":53}},{"start":{"line":52,"column":57},"end":{"line":52,"column":59}}]}},"s":{"0":1,"1":1,"2":1,"3":1,"4":1,"5":1,"6":1,"7":1,"8":1,"9":2,"10":1,"11":1,"12":1,"13":1,"14":1,"15":1},"f":{"0":1,"1":1,"2":1,"3":2},"b":{"0":[1,1],"1":[1,0],"2":[1,0],"3":[1,0],"4":[1,0]}}
,"/home/irina/Projects/yandex/stellar-burgers-js/src/utils/api.ts": {"path":"/home/irina/Projects/yandex/stellar-burgers-js/src/utils/api.ts","statementMap":{"0":{"start":{"line":1,"column":12},"end":{"line":1,"column":51}},"1":{"start":{"line":13,"column":22},"end":{"line":16,"column":2}},"2":{"start":{"line":13,"column":50},"end":{"line":16,"column":2}},"3":{"start":{"line":14,"column":31},"end":{"line":14,"column":null}},"4":{"start":{"line":14,"column":8},"end":{"line":14,"column":null}},"5":{"start":{"line":15,"column":2},"end":{"line":15,"column":46}},"6":{"start":{"line":24,"column":28},"end":{"line":41,"column":2}},"7":{"start":{"line":25,"column":14},"end":{"line":33,"column":null}},"8":{"start":{"line":25,"column":8},"end":{"line":33,"column":null}},"9":{"start":{"line":35,"column":22},"end":{"line":35,"column":null}},"10":{"start":{"line":35,"column":8},"end":{"line":35,"column":null}},"11":{"start":{"line":36,"column":2},"end":{"line":36,"column":46}},"12":{"start":{"line":36,"column":28},"end":{"line":36,"column":46}},"13":{"start":{"line":38,"column":2},"end":{"line":38,"column":65}},"14":{"start":{"line":39,"column":2},"end":{"line":39,"column":63}},"15":{"start":{"line":40,"column":2},"end":{"line":40,"column":21}},"16":{"start":{"line":24,"column":13},"end":{"line":24,"column":28}},"17":{"start":{"line":43,"column":32},"end":{"line":64,"column":2}},"18":{"start":{"line":45,"column":60},"end":{"line":64,"column":2}},"19":{"start":{"line":47,"column":12},"end":{"line":47,"column":null}},"20":{"start":{"line":47,"column":6},"end":{"line":47,"column":null}},"21":{"start":{"line":48,"column":13},"end":{"line":48,"column":null}},"22":{"start":{"line":48,"column":6},"end":{"line":48,"column":null}},"23":{"start":{"line":50,"column":6},"end":{"line":50,"column":9}},"24":{"start":{"line":51,"column":24},"end":{"line":51,"column":null}},"25":{"start":{"line":51,"column":10},"end":{"line":51,"column":null}},"26":{"start":{"line":53,"column":4},"end":{"line":55,"column":5}},"27":{"start":{"line":54,"column":6},"end":{"line":54,"column":63}},"28":{"start":{"line":57,"column":4},"end":{"line":57,"column":72}},"29":{"start":{"line":59,"column":10},"end":{"line":59,"column":36}},"30":{"start":{"line":59,"column":4},"end":{"line":59,"column":36}},"31":{"start":{"line":60,"column":11},"end":{"line":60,"column":28}},"32":{"start":{"line":60,"column":4},"end":{"line":60,"column":28}},"33":{"start":{"line":63,"column":2},"end":{"line":63,"column":14}},"34":{"start":{"line":43,"column":13},"end":{"line":43,"column":32}},"35":{"start":{"line":66,"column":36},"end":{"line":75,"column":2}},"36":{"start":{"line":67,"column":15},"end":{"line":75,"column":2}},"37":{"start":{"line":69,"column":14},"end":{"line":73,"column":null}},"38":{"start":{"line":69,"column":8},"end":{"line":73,"column":null}},"39":{"start":{"line":74,"column":2},"end":{"line":74,"column":28}},"40":{"start":{"line":66,"column":13},"end":{"line":66,"column":36}},"41":{"start":{"line":77,"column":29},"end":{"line":87,"column":2}},"42":{"start":{"line":80,"column":1},"end":{"line":87,"column":2}},"43":{"start":{"line":81,"column":14},"end":{"line":85,"column":null}},"44":{"start":{"line":81,"column":8},"end":{"line":85,"column":null}},"45":{"start":{"line":86,"column":2},"end":{"line":86,"column":28}},"46":{"start":{"line":77,"column":13},"end":{"line":77,"column":29}},"47":{"start":{"line":89,"column":16},"end":{"line":109,"column":2}},"48":{"start":{"line":91,"column":2},"end":{"line":91,"column":null}},"49":{"start":{"line":94,"column":8},"end":{"line":101,"column":4}},"50":{"start":{"line":104,"column":11},"end":{"line":104,"column":67}},"51":{"start":{"line":104,"column":4},"end":{"line":104,"column":67}},"52":{"start":{"line":106,"column":4},"end":{"line":106,"column":50}},"53":{"start":{"line":107,"column":4},"end":{"line":107,"column":16}},"54":{"start":{"line":111,"column":34},"end":{"line":112,"column":9}},"55":{"start":{"line":112,"column":2},"end":{"line":112,"column":61}},"56":{"start":{"line":111,"column":13},"end":{"line":111,"column":34}},"57":{"start":{"line":114,"column":32},"end":{"line":114,"column":45}},"58":{"start":{"line":114,"column":38},"end":{"line":114,"column":62}},"59":{"start":{"line":114,"column":13},"end":{"line":114,"column":32}},"60":{"start":{"line":116,"column":28},"end":{"line":120,"column":13}},"61":{"start":{"line":120,"column":6},"end":{"line":120,"column":50}},"62":{"start":{"line":116,"column":13},"end":{"line":116,"column":28}},"63":{"start":{"line":122,"column":25},"end":{"line":123,"column":9}},"64":{"start":{"line":123,"column":2},"end":{"line":123,"column":43}},"65":{"start":{"line":122,"column":13},"end":{"line":122,"column":25}},"66":{"start":{"line":125,"column":22},"end":{"line":126,"column":9}},"67":{"start":{"line":126,"column":2},"end":{"line":128,"column":5}},"68":{"start":{"line":125,"column":13},"end":{"line":125,"column":22}},"69":{"start":{"line":130,"column":27},"end":{"line":130,"column":40}},"70":{"start":{"line":130,"column":33},"end":{"line":130,"column":55}},"71":{"start":{"line":130,"column":13},"end":{"line":130,"column":27}},"72":{"start":{"line":132,"column":30},"end":{"line":134,"column":12}},"73":{"start":{"line":134,"column":5},"end":{"line":134,"column":46}},"74":{"start":{"line":132,"column":13},"end":{"line":132,"column":30}},"75":{"start":{"line":136,"column":34},"end":{"line":138,"column":2}},"76":{"start":{"line":136,"column":60},"end":{"line":138,"column":2}},"77":{"start":{"line":137,"column":2},"end":{"line":137,"column":64}},"78":{"start":{"line":136,"column":13},"end":{"line":136,"column":34}}},"fnMap":{"0":{"name":"(anonymous_14)","decl":{"start":{"line":13,"column":22},"end":{"line":13,"column":37}},"loc":{"start":{"line":13,"column":50},"end":{"line":16,"column":2}}},"1":{"name":"(anonymous_15)","decl":{"start":{"line":13,"column":60},"end":{"line":13,"column":null}},"loc":{"start":{"line":13,"column":60},"end":{"line":16,"column":2}}},"2":{"name":"(anonymous_17)","decl":{"start":{"line":24,"column":28},"end":{"line":24,"column":38}},"loc":{"start":{"line":24,"column":28},"end":{"line":41,"column":2}}},"3":{"name":"(anonymous_18)","decl":{"start":{"line":24,"column":45},"end":{"line":24,"column":null}},"loc":{"start":{"line":24,"column":45},"end":{"line":41,"column":2}}},"4":{"name":"(anonymous_20)","decl":{"start":{"line":43,"column":32},"end":{"line":43,"column":null}},"loc":{"start":{"line":45,"column":60},"end":{"line":64,"column":2}}},"5":{"name":"(anonymous_21)","decl":{"start":{"line":46,"column":10},"end":{"line":46,"column":null}},"loc":{"start":{"line":46,"column":10},"end":{"line":64,"column":2}}},"6":{"name":"(anonymous_23)","decl":{"start":{"line":66,"column":36},"end":{"line":66,"column":null}},"loc":{"start":{"line":67,"column":15},"end":{"line":75,"column":2}}},"7":{"name":"(anonymous_24)","decl":{"start":{"line":68,"column":10},"end":{"line":68,"column":null}},"loc":{"start":{"line":68,"column":10},"end":{"line":75,"column":2}}},"8":{"name":"(anonymous_26)","decl":{"start":{"line":77,"column":29},"end":{"line":77,"column":36}},"loc":{"start":{"line":80,"column":1},"end":{"line":87,"column":2}}},"9":{"name":"(anonymous_27)","decl":{"start":{"line":80,"column":11},"end":{"line":80,"column":null}},"loc":{"start":{"line":80,"column":11},"end":{"line":87,"column":2}}},"10":{"name":"(anonymous_29)","decl":{"start":{"line":89,"column":16},"end":{"line":89,"column":null}},"loc":{"start":{"line":89,"column":16},"end":{"line":109,"column":2}}},"11":{"name":"(anonymous_32)","decl":{"start":{"line":111,"column":34},"end":{"line":111,"column":35}},"loc":{"start":{"line":111,"column":58},"end":{"line":112,"column":9}}},"12":{"name":"(anonymous_33)","decl":{"start":{"line":114,"column":32},"end":{"line":114,"column":38}},"loc":{"start":{"line":114,"column":32},"end":{"line":114,"column":45}}},"13":{"name":"(anonymous_34)","decl":{"start":{"line":116,"column":28},"end":{"line":116,"column":29}},"loc":{"start":{"line":120,"column":1},"end":{"line":120,"column":13}}},"14":{"name":"(anonymous_35)","decl":{"start":{"line":122,"column":25},"end":{"line":122,"column":26}},"loc":{"start":{"line":122,"column":71},"end":{"line":123,"column":9}}},"15":{"name":"(anonymous_36)","decl":{"start":{"line":125,"column":22},"end":{"line":125,"column":null}},"loc":{"start":{"line":125,"column":22},"end":{"line":126,"column":9}}},"16":{"name":"(anonymous_37)","decl":{"start":{"line":130,"column":27},"end":{"line":130,"column":33}},"loc":{"start":{"line":130,"column":27},"end":{"line":130,"column":40}}},"17":{"name":"(anonymous_38)","decl":{"start":{"line":132,"column":30},"end":{"line":132,"column":null}},"loc":{"start":{"line":133,"column":70},"end":{"line":134,"column":12}}},"18":{"name":"(anonymous_39)","decl":{"start":{"line":136,"column":34},"end":{"line":136,"column":41}},"loc":{"start":{"line":136,"column":60},"end":{"line":138,"column":2}}},"19":{"name":"(anonymous_40)","decl":{"start":{"line":136,"column":60},"end":{"line":136,"column":null}},"loc":{"start":{"line":136,"column":60},"end":{"line":138,"column":2}}}},"branchMap":{"0":{"loc":{"start":{"line":14,"column":31},"end":{"line":14,"column":null}},"type":"switch","locations":[{"start":{"line":14,"column":31},"end":{"line":14,"column":null}}]},"1":{"loc":{"start":{"line":15,"column":9},"end":{"line":15,"column":45}},"type":"cond-expr","locations":[{"start":{"line":15,"column":18},"end":{"line":15,"column":22}},{"start":{"line":15,"column":25},"end":{"line":15,"column":45}}]},"2":{"loc":{"start":{"line":25,"column":14},"end":{"line":33,"column":null}},"type":"switch","locations":[{"start":{"line":25,"column":14},"end":{"line":33,"column":null}}]},"3":{"loc":{"start":{"line":36,"column":2},"end":{"line":36,"column":46}},"type":"if","locations":[{"start":{"line":36,"column":2},"end":{"line":36,"column":46}}]},"4":{"loc":{"start":{"line":47,"column":12},"end":{"line":47,"column":null}},"type":"switch","locations":[{"start":{"line":47,"column":12},"end":{"line":47,"column":null}},{"start":{"line":63,"column":2},"end":{"line":63,"column":14}}]},"5":{"loc":{"start":{"line":50,"column":6},"end":{"line":50,"column":9}},"type":"if","locations":[{"start":{"line":50,"column":6},"end":{"line":50,"column":9}}]},"6":{"loc":{"start":{"line":50,"column":6},"end":{"line":50,"column":86}},"type":"binary-expr","locations":[{"start":{"line":50,"column":6},"end":{"line":50,"column":24}},{"start":{"line":50,"column":29},"end":{"line":50,"column":51}},{"start":{"line":50,"column":55},"end":{"line":50,"column":85}}]},"7":{"loc":{"start":{"line":53,"column":4},"end":{"line":55,"column":5}},"type":"if","locations":[{"start":{"line":53,"column":4},"end":{"line":55,"column":5}}]},"8":{"loc":{"start":{"line":69,"column":14},"end":{"line":73,"column":null}},"type":"switch","locations":[{"start":{"line":69,"column":14},"end":{"line":73,"column":null}}]},"9":{"loc":{"start":{"line":81,"column":14},"end":{"line":85,"column":null}},"type":"switch","locations":[{"start":{"line":81,"column":14},"end":{"line":85,"column":null}}]},"10":{"loc":{"start":{"line":91,"column":2},"end":{"line":91,"column":null}},"type":"if","locations":[{"start":{"line":91,"column":2},"end":{"line":91,"column":null}}]},"11":{"loc":{"start":{"line":104,"column":4},"end":{"line":104,"column":67}},"type":"switch","locations":[{"start":{"line":104,"column":4},"end":{"line":104,"column":67}}]},"12":{"loc":{"start":{"line":98,"column":21},"end":{"line":98,"column":62}},"type":"binary-expr","locations":[{"start":{"line":98,"column":21},"end":{"line":98,"column":56}},{"start":{"line":98,"column":60},"end":{"line":98,"column":62}}]},"13":{"loc":{"start":{"line":100,"column":10},"end":{"line":100,"column":49}},"type":"cond-expr","locations":[{"start":{"line":100,"column":17},"end":{"line":100,"column":37}},{"start":{"line":100,"column":40},"end":{"line":100,"column":49}}]}},"s":{"0":2,"1":2,"2":0,"3":0,"4":0,"5":0,"6":2,"7":0,"8":0,"9":0,"10":0,"11":0,"12":0,"13":0,"14":0,"15":0,"16":2,"17":2,"18":0,"19":0,"20":0,"21":0,"22":0,"23":0,"24":0,"25":0,"26":0,"27":0,"28":0,"29":0,"30":0,"31":0,"32":0,"33":0,"34":2,"35":2,"36":0,"37":0,"38":0,"39":0,"40":2,"41":2,"42":0,"43":0,"44":0,"45":0,"46":2,"47":2,"48":0,"49":0,"50":0,"51":0,"52":0,"53":0,"54":2,"55":0,"56":2,"57":2,"58":0,"59":2,"60":2,"61":0,"62":2,"63":2,"64":0,"65":2,"66":2,"67":0,"68":2,"69":2,"70":0,"71":2,"72":2,"73":0,"74":2,"75":2,"76":0,"77":0,"78":2},"f":{"0":0,"1":0,"2":0,"3":0,"4":0,"5":0,"6":0,"7":0,"8":0,"9":0,"10":0,"11":0,"12":0,"13":0,"14":0,"15":0,"16":0,"17":0,"18":0,"19":0},"b":{"0":[0],"1":[0,0],"2":[0],"3":[0],"4":[0,0],"5":[0],"6":[0,0,0],"7":[0],"8":[0],"9":[0],"10":[0],"11":[0],"12":[0,0],"13":[0,0]}}
}
