TN:
SF:src/slices/burgerConstructorSlice.ts
FN:19,(anonymous_2)
FN:28,(anonymous_3)
FN:38,(anonymous_4)
FN:40,(anonymous_5)
FN:47,(anonymous_6)
FN:55,(anonymous_7)
FNF:6
FNH:6
FNDA:2,(anonymous_2)
FNDA:2,(anonymous_3)
FNDA:2,(anonymous_4)
FNDA:1,(anonymous_5)
FNDA:1,(anonymous_6)
FNDA:1,(anonymous_7)
DA:1,1
DA:2,1
DA:9,1
DA:14,1
DA:20,2
DA:22,2
DA:23,1
DA:25,1
DA:29,2
DA:39,2
DA:40,1
DA:43,2
DA:44,2
DA:51,1
DA:52,1
DA:53,1
DA:55,1
DA:60,1
DA:66,1
LF:19
LH:19
BRDA:22,0,0,1
BRDA:22,0,1,1
BRDA:33,1,0,2
BRDA:33,1,1,0
BRDA:43,2,0,2
BRDA:43,3,0,2
BRDA:43,3,1,2
BRF:7
BRH:6
end_of_record
TN:
SF:src/slices/ingredientsSlice.ts
FN:16,(anonymous_13)
FN:45,(anonymous_16)
FN:48,(anonymous_17)
FN:55,(anonymous_18)
FN:57,(anonymous_19)
FN:61,(anonymous_20)
FN:65,(anonymous_21)
FNF:7
FNH:7
FNDA:6,(anonymous_13)
FNDA:1,(anonymous_16)
FNDA:1,(anonymous_17)
FNDA:1,(anonymous_18)
FNDA:3,(anonymous_19)
FNDA:2,(anonymous_20)
FNDA:1,(anonymous_21)
DA:1,1
DA:2,1
DA:12,1
DA:16,3
DA:18,3
DA:20,2
DA:21,2
DA:23,0
DA:26,1
DA:27,1
DA:33,1
DA:41,1
DA:46,1
DA:52,1
DA:56,1
DA:58,3
DA:59,3
DA:62,2
DA:63,2
DA:66,1
DA:67,1
DA:72,1
DA:75,1
LF:23
LH:22
BRDA:20,0,0,2
BRDA:20,0,1,0
BRDA:20,1,0,2
BRDA:20,1,1,2
BRDA:28,2,0,1
BRDA:28,2,1,0
BRF:6
BRH:4
end_of_record
TN:
SF:src/slices/orderSlice.ts
FN:39,(anonymous_13)
FN:62,(anonymous_16)
FN:67,(anonymous_19)
FN:70,(anonymous_20)
FN:94,(anonymous_21)
FN:97,(anonymous_22)
FN:100,(anonymous_23)
FN:106,(anonymous_24)
FN:108,(anonymous_25)
FN:115,(anonymous_26)
FN:122,(anonymous_27)
FN:127,(anonymous_28)
FN:133,(anonymous_29)
FN:138,(anonymous_30)
FNF:14
FNH:10
FNDA:0,(anonymous_13)
FNDA:0,(anonymous_16)
FNDA:0,(anonymous_19)
FNDA:0,(anonymous_20)
FNDA:1,(anonymous_21)
FNDA:1,(anonymous_22)
FNDA:1,(anonymous_23)
FNDA:1,(anonymous_24)
FNDA:1,(anonymous_25)
FNDA:1,(anonymous_26)
FNDA:1,(anonymous_27)
FNDA:1,(anonymous_28)
FNDA:1,(anonymous_29)
FNDA:1,(anonymous_30)
DA:1,1
DA:2,1
DA:24,1
DA:35,1
DA:39,0
DA:41,0
DA:43,0
DA:44,0
DA:46,0
DA:49,0
DA:56,1
DA:62,0
DA:63,0
DA:65,0
DA:67,0
DA:70,0
DA:73,0
DA:74,0
DA:78,0
DA:79,0
DA:80,0
DA:82,0
DA:85,0
DA:90,1
DA:95,1
DA:98,1
DA:101,1
DA:102,1
DA:103,1
DA:107,1
DA:109,1
DA:110,1
DA:111,1
DA:116,1
DA:117,1
DA:118,1
DA:119,1
DA:123,1
DA:124,1
DA:128,1
DA:129,1
DA:134,1
DA:135,1
DA:139,1
DA:140,1
DA:145,1
DA:146,1
LF:47
LH:29
BRDA:43,0,0,0
BRDA:43,0,1,0
BRDA:43,1,0,0
BRDA:43,1,1,0
BRDA:43,2,0,0
BRDA:43,2,1,0
BRDA:43,3,0,0
BRDA:43,3,1,0
BRDA:43,4,0,0
BRDA:43,4,1,0
BRDA:43,5,0,0
BRDA:43,5,1,0
BRDA:51,6,0,0
BRDA:51,6,1,0
BRDA:66,7,0,0
BRDA:66,7,1,0
BRDA:73,8,0,0
BRDA:79,9,0,0
BRDA:79,9,1,0
BRF:19
BRH:0
end_of_record
TN:
SF:src/slices/userDataSlice.ts
FN:23,(anonymous_13)
FN:24,(anonymous_14)
FN:51,(anonymous_17)
FN:54,(anonymous_18)
FN:57,(anonymous_19)
FN:60,(anonymous_20)
FN:63,(anonymous_21)
FN:66,(anonymous_22)
FN:69,(anonymous_23)
FN:72,(anonymous_24)
FN:76,(anonymous_25)
FN:78,(anonymous_26)
FN:88,(anonymous_27)
FN:92,(anonymous_28)
FN:99,(anonymous_29)
FN:109,(anonymous_30)
FN:113,(anonymous_31)
FN:120,(anonymous_32)
FN:127,(anonymous_33)
FN:131,(anonymous_34)
FNF:20
FNH:15
FNDA:5,(anonymous_13)
FNDA:0,(anonymous_14)
FNDA:1,(anonymous_17)
FNDA:1,(anonymous_18)
FNDA:1,(anonymous_19)
FNDA:1,(anonymous_20)
FNDA:1,(anonymous_21)
FNDA:1,(anonymous_22)
FNDA:1,(anonymous_23)
FNDA:1,(anonymous_24)
FNDA:1,(anonymous_25)
FNDA:1,(anonymous_26)
FNDA:1,(anonymous_27)
FNDA:1,(anonymous_28)
FNDA:1,(anonymous_29)
FNDA:0,(anonymous_30)
FNDA:0,(anonymous_31)
FNDA:1,(anonymous_32)
FNDA:0,(anonymous_33)
FNDA:0,(anonymous_34)
DA:1,1
DA:2,1
DA:10,1
DA:23,1
DA:24,5
DA:26,0
DA:28,0
DA:32,1
DA:36,1
DA:37,1
DA:38,1
DA:42,1
DA:47,1
DA:52,1
DA:55,1
DA:58,1
DA:61,1
DA:64,1
DA:67,1
DA:70,1
DA:73,1
DA:77,1
DA:79,1
DA:80,1
DA:81,1
DA:82,1
DA:83,1
DA:84,1
DA:85,1
DA:86,1
DA:89,1
DA:90,1
DA:93,1
DA:94,1
DA:100,1
DA:101,1
DA:102,1
DA:103,1
DA:104,1
DA:105,1
DA:106,1
DA:107,1
DA:110,0
DA:111,0
DA:114,0
DA:115,0
DA:121,1
DA:122,1
DA:123,1
DA:124,1
DA:125,1
DA:128,0
DA:129,0
DA:132,0
DA:141,1
DA:151,1
LF:56
LH:47
BRDA:26,0,0,0
BRDA:95,1,0,1
BRDA:95,1,1,0
BRDA:116,2,0,0
BRDA:116,2,1,0
BRDA:133,3,0,0
BRDA:133,3,1,0
BRF:7
BRH:1
end_of_record
TN:
SF:src/slices/wsSlice.ts
FN:31,(anonymous_0)
FN:35,(anonymous_1)
FN:40,(anonymous_2)
FN:43,(anonymous_3)
FNF:4
FNH:4
FNDA:1,(anonymous_0)
FNDA:1,(anonymous_1)
FNDA:1,(anonymous_2)
FNDA:2,(anonymous_3)
DA:1,1
DA:18,1
DA:27,1
DA:32,1
DA:33,1
DA:36,1
DA:37,1
DA:38,1
DA:41,1
DA:47,2
DA:48,1
DA:49,1
DA:50,1
DA:52,1
DA:58,1
DA:59,1
LF:16
LH:16
BRDA:47,0,0,1
BRDA:47,0,1,1
BRDA:48,1,0,1
BRDA:48,1,1,0
BRDA:49,2,0,1
BRDA:49,2,1,0
BRDA:50,3,0,1
BRDA:50,3,1,0
BRDA:52,4,0,1
BRDA:52,4,1,0
BRF:10
BRH:6
end_of_record
TN:
SF:src/utils/api.ts
FN:13,(anonymous_14)
FN:13,(anonymous_15)
FN:24,(anonymous_17)
FN:24,(anonymous_18)
FN:43,(anonymous_20)
FN:46,(anonymous_21)
FN:66,(anonymous_23)
FN:68,(anonymous_24)
FN:77,(anonymous_26)
FN:80,(anonymous_27)
FN:89,(anonymous_29)
FN:111,(anonymous_32)
FN:114,(anonymous_33)
FN:116,(anonymous_34)
FN:122,(anonymous_35)
FN:125,(anonymous_36)
FN:130,(anonymous_37)
FN:132,(anonymous_38)
FN:136,(anonymous_39)
FN:136,(anonymous_40)
FNF:20
FNH:0
FNDA:0,(anonymous_14)
FNDA:0,(anonymous_15)
FNDA:0,(anonymous_17)
FNDA:0,(anonymous_18)
FNDA:0,(anonymous_20)
FNDA:0,(anonymous_21)
FNDA:0,(anonymous_23)
FNDA:0,(anonymous_24)
FNDA:0,(anonymous_26)
FNDA:0,(anonymous_27)
FNDA:0,(anonymous_29)
FNDA:0,(anonymous_32)
FNDA:0,(anonymous_33)
FNDA:0,(anonymous_34)
FNDA:0,(anonymous_35)
FNDA:0,(anonymous_36)
FNDA:0,(anonymous_37)
FNDA:0,(anonymous_38)
FNDA:0,(anonymous_39)
FNDA:0,(anonymous_40)
DA:1,2
DA:13,2
DA:14,0
DA:15,0
DA:24,2
DA:25,0
DA:35,0
DA:36,0
DA:38,0
DA:39,0
DA:40,0
DA:43,2
DA:45,0
DA:47,0
DA:48,0
DA:50,0
DA:51,0
DA:53,0
DA:54,0
DA:57,0
DA:59,0
DA:60,0
DA:63,0
DA:66,2
DA:67,0
DA:69,0
DA:74,0
DA:77,2
DA:80,0
DA:81,0
DA:86,0
DA:89,2
DA:91,0
DA:94,0
DA:104,0
DA:106,0
DA:107,0
DA:111,2
DA:112,0
DA:114,2
DA:116,2
DA:120,0
DA:122,2
DA:123,0
DA:125,2
DA:126,0
DA:130,2
DA:132,2
DA:134,0
DA:136,2
DA:137,0
LF:51
LH:15
BRDA:14,0,0,0
BRDA:15,1,0,0
BRDA:15,1,1,0
BRDA:25,2,0,0
BRDA:36,3,0,0
BRDA:47,4,0,0
BRDA:47,4,1,0
BRDA:50,5,0,0
BRDA:50,6,0,0
BRDA:50,6,1,0
BRDA:50,6,2,0
BRDA:53,7,0,0
BRDA:69,8,0,0
BRDA:81,9,0,0
BRDA:91,10,0,0
BRDA:104,11,0,0
BRDA:98,12,0,0
BRDA:98,12,1,0
BRDA:100,13,0,0
BRDA:100,13,1,0
BRF:20
BRH:0
end_of_record
